   1              		.syntax unified
   2              		.cpu cortex-m3
   3              		.fpu softvfp
   4              		.eabi_attribute 20, 1
   5              		.eabi_attribute 21, 1
   6              		.eabi_attribute 23, 3
   7              		.eabi_attribute 24, 1
   8              		.eabi_attribute 25, 1
   9              		.eabi_attribute 26, 1
  10              		.eabi_attribute 30, 4
  11              		.eabi_attribute 18, 4
  12              		.thumb
  13              		.file	"system_stm32f10x.c"
  21              	.Ltext0:
  22              		.cfi_sections	.debug_frame
  23              		.section	.text.SystemInit,"ax",%progbits
  24              		.align	1
  25              		.global	SystemInit
  26              		.thumb
  27              		.thumb_func
  29              	SystemInit:
  30              	.LFB29:
  31              		.file 1 "firmware/STM32F10x_StdPeriph_Lib_V3.3.0/Libraries/CMSIS/CM3/DeviceSupport/ST/STM32F10x/sy
   1:firmware/STM32F10x_StdPeriph_Lib_V3.3.0/Libraries/CMSIS/CM3/DeviceSupport/ST/STM32F10x/system_stm32f10x.c **** /**
   2:firmware/STM32F10x_StdPeriph_Lib_V3.3.0/Libraries/CMSIS/CM3/DeviceSupport/ST/STM32F10x/system_stm32f10x.c ****   ******************************************************************************
   3:firmware/STM32F10x_StdPeriph_Lib_V3.3.0/Libraries/CMSIS/CM3/DeviceSupport/ST/STM32F10x/system_stm32f10x.c ****   * @file    system_stm32f10x.c
   4:firmware/STM32F10x_StdPeriph_Lib_V3.3.0/Libraries/CMSIS/CM3/DeviceSupport/ST/STM32F10x/system_stm32f10x.c ****   * @author  MCD Application Team
   5:firmware/STM32F10x_StdPeriph_Lib_V3.3.0/Libraries/CMSIS/CM3/DeviceSupport/ST/STM32F10x/system_stm32f10x.c ****   * @version V3.3.0
   6:firmware/STM32F10x_StdPeriph_Lib_V3.3.0/Libraries/CMSIS/CM3/DeviceSupport/ST/STM32F10x/system_stm32f10x.c ****   * @date    04/16/2010
   7:firmware/STM32F10x_StdPeriph_Lib_V3.3.0/Libraries/CMSIS/CM3/DeviceSupport/ST/STM32F10x/system_stm32f10x.c ****   * @brief   CMSIS Cortex-M3 Device Peripheral Access Layer System Source File.
   8:firmware/STM32F10x_StdPeriph_Lib_V3.3.0/Libraries/CMSIS/CM3/DeviceSupport/ST/STM32F10x/system_stm32f10x.c ****   ******************************************************************************  
   9:firmware/STM32F10x_StdPeriph_Lib_V3.3.0/Libraries/CMSIS/CM3/DeviceSupport/ST/STM32F10x/system_stm32f10x.c ****   *
  10:firmware/STM32F10x_StdPeriph_Lib_V3.3.0/Libraries/CMSIS/CM3/DeviceSupport/ST/STM32F10x/system_stm32f10x.c ****   * THE PRESENT FIRMWARE WHICH IS FOR GUIDANCE ONLY AIMS AT PROVIDING CUSTOMERS
  11:firmware/STM32F10x_StdPeriph_Lib_V3.3.0/Libraries/CMSIS/CM3/DeviceSupport/ST/STM32F10x/system_stm32f10x.c ****   * WITH CODING INFORMATION REGARDING THEIR PRODUCTS IN ORDER FOR THEM TO SAVE
  12:firmware/STM32F10x_StdPeriph_Lib_V3.3.0/Libraries/CMSIS/CM3/DeviceSupport/ST/STM32F10x/system_stm32f10x.c ****   * TIME. AS A RESULT, STMICROELECTRONICS SHALL NOT BE HELD LIABLE FOR ANY
  13:firmware/STM32F10x_StdPeriph_Lib_V3.3.0/Libraries/CMSIS/CM3/DeviceSupport/ST/STM32F10x/system_stm32f10x.c ****   * DIRECT, INDIRECT OR CONSEQUENTIAL DAMAGES WITH RESPECT TO ANY CLAIMS ARISING
  14:firmware/STM32F10x_StdPeriph_Lib_V3.3.0/Libraries/CMSIS/CM3/DeviceSupport/ST/STM32F10x/system_stm32f10x.c ****   * FROM THE CONTENT OF SUCH FIRMWARE AND/OR THE USE MADE BY CUSTOMERS OF THE
  15:firmware/STM32F10x_StdPeriph_Lib_V3.3.0/Libraries/CMSIS/CM3/DeviceSupport/ST/STM32F10x/system_stm32f10x.c ****   * CODING INFORMATION CONTAINED HEREIN IN CONNECTION WITH THEIR PRODUCTS.
  16:firmware/STM32F10x_StdPeriph_Lib_V3.3.0/Libraries/CMSIS/CM3/DeviceSupport/ST/STM32F10x/system_stm32f10x.c ****   *
  17:firmware/STM32F10x_StdPeriph_Lib_V3.3.0/Libraries/CMSIS/CM3/DeviceSupport/ST/STM32F10x/system_stm32f10x.c ****   * <h2><center>&copy; COPYRIGHT 2010 STMicroelectronics</center></h2>
  18:firmware/STM32F10x_StdPeriph_Lib_V3.3.0/Libraries/CMSIS/CM3/DeviceSupport/ST/STM32F10x/system_stm32f10x.c ****   ******************************************************************************
  19:firmware/STM32F10x_StdPeriph_Lib_V3.3.0/Libraries/CMSIS/CM3/DeviceSupport/ST/STM32F10x/system_stm32f10x.c ****   */
  20:firmware/STM32F10x_StdPeriph_Lib_V3.3.0/Libraries/CMSIS/CM3/DeviceSupport/ST/STM32F10x/system_stm32f10x.c **** 
  21:firmware/STM32F10x_StdPeriph_Lib_V3.3.0/Libraries/CMSIS/CM3/DeviceSupport/ST/STM32F10x/system_stm32f10x.c **** /** @addtogroup CMSIS
  22:firmware/STM32F10x_StdPeriph_Lib_V3.3.0/Libraries/CMSIS/CM3/DeviceSupport/ST/STM32F10x/system_stm32f10x.c ****   * @{
  23:firmware/STM32F10x_StdPeriph_Lib_V3.3.0/Libraries/CMSIS/CM3/DeviceSupport/ST/STM32F10x/system_stm32f10x.c ****   */
  24:firmware/STM32F10x_StdPeriph_Lib_V3.3.0/Libraries/CMSIS/CM3/DeviceSupport/ST/STM32F10x/system_stm32f10x.c **** 
  25:firmware/STM32F10x_StdPeriph_Lib_V3.3.0/Libraries/CMSIS/CM3/DeviceSupport/ST/STM32F10x/system_stm32f10x.c **** /** @addtogroup stm32f10x_system
  26:firmware/STM32F10x_StdPeriph_Lib_V3.3.0/Libraries/CMSIS/CM3/DeviceSupport/ST/STM32F10x/system_stm32f10x.c ****   * @{
  27:firmware/STM32F10x_StdPeriph_Lib_V3.3.0/Libraries/CMSIS/CM3/DeviceSupport/ST/STM32F10x/system_stm32f10x.c ****   */  
  28:firmware/STM32F10x_StdPeriph_Lib_V3.3.0/Libraries/CMSIS/CM3/DeviceSupport/ST/STM32F10x/system_stm32f10x.c ****   
  29:firmware/STM32F10x_StdPeriph_Lib_V3.3.0/Libraries/CMSIS/CM3/DeviceSupport/ST/STM32F10x/system_stm32f10x.c **** /** @addtogroup STM32F10x_System_Private_Includes
  30:firmware/STM32F10x_StdPeriph_Lib_V3.3.0/Libraries/CMSIS/CM3/DeviceSupport/ST/STM32F10x/system_stm32f10x.c ****   * @{
  31:firmware/STM32F10x_StdPeriph_Lib_V3.3.0/Libraries/CMSIS/CM3/DeviceSupport/ST/STM32F10x/system_stm32f10x.c ****   */
  32:firmware/STM32F10x_StdPeriph_Lib_V3.3.0/Libraries/CMSIS/CM3/DeviceSupport/ST/STM32F10x/system_stm32f10x.c **** 
  33:firmware/STM32F10x_StdPeriph_Lib_V3.3.0/Libraries/CMSIS/CM3/DeviceSupport/ST/STM32F10x/system_stm32f10x.c **** #include "stm32f10x.h"
  34:firmware/STM32F10x_StdPeriph_Lib_V3.3.0/Libraries/CMSIS/CM3/DeviceSupport/ST/STM32F10x/system_stm32f10x.c **** 
  35:firmware/STM32F10x_StdPeriph_Lib_V3.3.0/Libraries/CMSIS/CM3/DeviceSupport/ST/STM32F10x/system_stm32f10x.c **** /**
  36:firmware/STM32F10x_StdPeriph_Lib_V3.3.0/Libraries/CMSIS/CM3/DeviceSupport/ST/STM32F10x/system_stm32f10x.c ****   * @}
  37:firmware/STM32F10x_StdPeriph_Lib_V3.3.0/Libraries/CMSIS/CM3/DeviceSupport/ST/STM32F10x/system_stm32f10x.c ****   */
  38:firmware/STM32F10x_StdPeriph_Lib_V3.3.0/Libraries/CMSIS/CM3/DeviceSupport/ST/STM32F10x/system_stm32f10x.c **** 
  39:firmware/STM32F10x_StdPeriph_Lib_V3.3.0/Libraries/CMSIS/CM3/DeviceSupport/ST/STM32F10x/system_stm32f10x.c **** /** @addtogroup STM32F10x_System_Private_TypesDefinitions
  40:firmware/STM32F10x_StdPeriph_Lib_V3.3.0/Libraries/CMSIS/CM3/DeviceSupport/ST/STM32F10x/system_stm32f10x.c ****   * @{
  41:firmware/STM32F10x_StdPeriph_Lib_V3.3.0/Libraries/CMSIS/CM3/DeviceSupport/ST/STM32F10x/system_stm32f10x.c ****   */
  42:firmware/STM32F10x_StdPeriph_Lib_V3.3.0/Libraries/CMSIS/CM3/DeviceSupport/ST/STM32F10x/system_stm32f10x.c **** 
  43:firmware/STM32F10x_StdPeriph_Lib_V3.3.0/Libraries/CMSIS/CM3/DeviceSupport/ST/STM32F10x/system_stm32f10x.c **** /**
  44:firmware/STM32F10x_StdPeriph_Lib_V3.3.0/Libraries/CMSIS/CM3/DeviceSupport/ST/STM32F10x/system_stm32f10x.c ****   * @}
  45:firmware/STM32F10x_StdPeriph_Lib_V3.3.0/Libraries/CMSIS/CM3/DeviceSupport/ST/STM32F10x/system_stm32f10x.c ****   */
  46:firmware/STM32F10x_StdPeriph_Lib_V3.3.0/Libraries/CMSIS/CM3/DeviceSupport/ST/STM32F10x/system_stm32f10x.c **** 
  47:firmware/STM32F10x_StdPeriph_Lib_V3.3.0/Libraries/CMSIS/CM3/DeviceSupport/ST/STM32F10x/system_stm32f10x.c **** /** @addtogroup STM32F10x_System_Private_Defines
  48:firmware/STM32F10x_StdPeriph_Lib_V3.3.0/Libraries/CMSIS/CM3/DeviceSupport/ST/STM32F10x/system_stm32f10x.c ****   * @{
  49:firmware/STM32F10x_StdPeriph_Lib_V3.3.0/Libraries/CMSIS/CM3/DeviceSupport/ST/STM32F10x/system_stm32f10x.c ****   */
  50:firmware/STM32F10x_StdPeriph_Lib_V3.3.0/Libraries/CMSIS/CM3/DeviceSupport/ST/STM32F10x/system_stm32f10x.c **** 
  51:firmware/STM32F10x_StdPeriph_Lib_V3.3.0/Libraries/CMSIS/CM3/DeviceSupport/ST/STM32F10x/system_stm32f10x.c **** /*!< Uncomment the line corresponding to the desired System clock (SYSCLK)
  52:firmware/STM32F10x_StdPeriph_Lib_V3.3.0/Libraries/CMSIS/CM3/DeviceSupport/ST/STM32F10x/system_stm32f10x.c ****    frequency (after reset the HSI is used as SYSCLK source)
  53:firmware/STM32F10x_StdPeriph_Lib_V3.3.0/Libraries/CMSIS/CM3/DeviceSupport/ST/STM32F10x/system_stm32f10x.c ****    
  54:firmware/STM32F10x_StdPeriph_Lib_V3.3.0/Libraries/CMSIS/CM3/DeviceSupport/ST/STM32F10x/system_stm32f10x.c ****    IMPORTANT NOTE:
  55:firmware/STM32F10x_StdPeriph_Lib_V3.3.0/Libraries/CMSIS/CM3/DeviceSupport/ST/STM32F10x/system_stm32f10x.c ****    ============== 
  56:firmware/STM32F10x_StdPeriph_Lib_V3.3.0/Libraries/CMSIS/CM3/DeviceSupport/ST/STM32F10x/system_stm32f10x.c ****    1. After each device reset the HSI is used as System clock source.
  57:firmware/STM32F10x_StdPeriph_Lib_V3.3.0/Libraries/CMSIS/CM3/DeviceSupport/ST/STM32F10x/system_stm32f10x.c **** 
  58:firmware/STM32F10x_StdPeriph_Lib_V3.3.0/Libraries/CMSIS/CM3/DeviceSupport/ST/STM32F10x/system_stm32f10x.c ****    2. Please make sure that the selected System clock doesn't exceed your device's
  59:firmware/STM32F10x_StdPeriph_Lib_V3.3.0/Libraries/CMSIS/CM3/DeviceSupport/ST/STM32F10x/system_stm32f10x.c ****       maximum frequency.
  60:firmware/STM32F10x_StdPeriph_Lib_V3.3.0/Libraries/CMSIS/CM3/DeviceSupport/ST/STM32F10x/system_stm32f10x.c ****       
  61:firmware/STM32F10x_StdPeriph_Lib_V3.3.0/Libraries/CMSIS/CM3/DeviceSupport/ST/STM32F10x/system_stm32f10x.c ****    3. If none of the define below is enabled, the HSI is used as System clock
  62:firmware/STM32F10x_StdPeriph_Lib_V3.3.0/Libraries/CMSIS/CM3/DeviceSupport/ST/STM32F10x/system_stm32f10x.c ****     source.
  63:firmware/STM32F10x_StdPeriph_Lib_V3.3.0/Libraries/CMSIS/CM3/DeviceSupport/ST/STM32F10x/system_stm32f10x.c **** 
  64:firmware/STM32F10x_StdPeriph_Lib_V3.3.0/Libraries/CMSIS/CM3/DeviceSupport/ST/STM32F10x/system_stm32f10x.c ****    4. The System clock configuration functions provided within this file assume that:
  65:firmware/STM32F10x_StdPeriph_Lib_V3.3.0/Libraries/CMSIS/CM3/DeviceSupport/ST/STM32F10x/system_stm32f10x.c ****         - For Low and Medium density Value line devices an external 8MHz crystal 
  66:firmware/STM32F10x_StdPeriph_Lib_V3.3.0/Libraries/CMSIS/CM3/DeviceSupport/ST/STM32F10x/system_stm32f10x.c ****           is used to drive the System clock.
  67:firmware/STM32F10x_StdPeriph_Lib_V3.3.0/Libraries/CMSIS/CM3/DeviceSupport/ST/STM32F10x/system_stm32f10x.c ****         - For Low, Medium and High density devices an external 8MHz crystal is
  68:firmware/STM32F10x_StdPeriph_Lib_V3.3.0/Libraries/CMSIS/CM3/DeviceSupport/ST/STM32F10x/system_stm32f10x.c ****           used to drive the System clock.
  69:firmware/STM32F10x_StdPeriph_Lib_V3.3.0/Libraries/CMSIS/CM3/DeviceSupport/ST/STM32F10x/system_stm32f10x.c ****         - For Connectivity line devices an external 25MHz crystal is used to drive
  70:firmware/STM32F10x_StdPeriph_Lib_V3.3.0/Libraries/CMSIS/CM3/DeviceSupport/ST/STM32F10x/system_stm32f10x.c ****           the System clock.
  71:firmware/STM32F10x_StdPeriph_Lib_V3.3.0/Libraries/CMSIS/CM3/DeviceSupport/ST/STM32F10x/system_stm32f10x.c ****      If you are using different crystal you have to adapt those functions accordingly.
  72:firmware/STM32F10x_StdPeriph_Lib_V3.3.0/Libraries/CMSIS/CM3/DeviceSupport/ST/STM32F10x/system_stm32f10x.c ****     */
  73:firmware/STM32F10x_StdPeriph_Lib_V3.3.0/Libraries/CMSIS/CM3/DeviceSupport/ST/STM32F10x/system_stm32f10x.c ****     
  74:firmware/STM32F10x_StdPeriph_Lib_V3.3.0/Libraries/CMSIS/CM3/DeviceSupport/ST/STM32F10x/system_stm32f10x.c **** #if defined (STM32F10X_LD_VL) || (defined STM32F10X_MD_VL) 
  75:firmware/STM32F10x_StdPeriph_Lib_V3.3.0/Libraries/CMSIS/CM3/DeviceSupport/ST/STM32F10x/system_stm32f10x.c **** /* #define SYSCLK_FREQ_HSE    HSE_Value */
  76:firmware/STM32F10x_StdPeriph_Lib_V3.3.0/Libraries/CMSIS/CM3/DeviceSupport/ST/STM32F10x/system_stm32f10x.c ****  #define SYSCLK_FREQ_24MHz  24000000
  77:firmware/STM32F10x_StdPeriph_Lib_V3.3.0/Libraries/CMSIS/CM3/DeviceSupport/ST/STM32F10x/system_stm32f10x.c **** #else
  78:firmware/STM32F10x_StdPeriph_Lib_V3.3.0/Libraries/CMSIS/CM3/DeviceSupport/ST/STM32F10x/system_stm32f10x.c **** /* #define SYSCLK_FREQ_HSE    HSE_Value */
  79:firmware/STM32F10x_StdPeriph_Lib_V3.3.0/Libraries/CMSIS/CM3/DeviceSupport/ST/STM32F10x/system_stm32f10x.c **** /* #define SYSCLK_FREQ_24MHz  24000000 */ 
  80:firmware/STM32F10x_StdPeriph_Lib_V3.3.0/Libraries/CMSIS/CM3/DeviceSupport/ST/STM32F10x/system_stm32f10x.c **** /* #define SYSCLK_FREQ_36MHz  36000000 */
  81:firmware/STM32F10x_StdPeriph_Lib_V3.3.0/Libraries/CMSIS/CM3/DeviceSupport/ST/STM32F10x/system_stm32f10x.c **** /* #define SYSCLK_FREQ_48MHz  48000000 */
  82:firmware/STM32F10x_StdPeriph_Lib_V3.3.0/Libraries/CMSIS/CM3/DeviceSupport/ST/STM32F10x/system_stm32f10x.c **** /* #define SYSCLK_FREQ_56MHz  56000000 */
  83:firmware/STM32F10x_StdPeriph_Lib_V3.3.0/Libraries/CMSIS/CM3/DeviceSupport/ST/STM32F10x/system_stm32f10x.c **** /* #define SYSCLK_FREQ_72MHz  72000000 */
  84:firmware/STM32F10x_StdPeriph_Lib_V3.3.0/Libraries/CMSIS/CM3/DeviceSupport/ST/STM32F10x/system_stm32f10x.c **** #endif
  85:firmware/STM32F10x_StdPeriph_Lib_V3.3.0/Libraries/CMSIS/CM3/DeviceSupport/ST/STM32F10x/system_stm32f10x.c **** 
  86:firmware/STM32F10x_StdPeriph_Lib_V3.3.0/Libraries/CMSIS/CM3/DeviceSupport/ST/STM32F10x/system_stm32f10x.c **** /*!< Uncomment the following line if you need to use external SRAM mounted
  87:firmware/STM32F10x_StdPeriph_Lib_V3.3.0/Libraries/CMSIS/CM3/DeviceSupport/ST/STM32F10x/system_stm32f10x.c ****      on STM3210E-EVAL board (STM32 High density and XL-density devices) as data memory  */ 
  88:firmware/STM32F10x_StdPeriph_Lib_V3.3.0/Libraries/CMSIS/CM3/DeviceSupport/ST/STM32F10x/system_stm32f10x.c **** #if defined (STM32F10X_HD) || (defined STM32F10X_XL)
  89:firmware/STM32F10x_StdPeriph_Lib_V3.3.0/Libraries/CMSIS/CM3/DeviceSupport/ST/STM32F10x/system_stm32f10x.c **** /* #define DATA_IN_ExtSRAM */
  90:firmware/STM32F10x_StdPeriph_Lib_V3.3.0/Libraries/CMSIS/CM3/DeviceSupport/ST/STM32F10x/system_stm32f10x.c **** #endif
  91:firmware/STM32F10x_StdPeriph_Lib_V3.3.0/Libraries/CMSIS/CM3/DeviceSupport/ST/STM32F10x/system_stm32f10x.c **** 
  92:firmware/STM32F10x_StdPeriph_Lib_V3.3.0/Libraries/CMSIS/CM3/DeviceSupport/ST/STM32F10x/system_stm32f10x.c **** /**
  93:firmware/STM32F10x_StdPeriph_Lib_V3.3.0/Libraries/CMSIS/CM3/DeviceSupport/ST/STM32F10x/system_stm32f10x.c ****   * @}
  94:firmware/STM32F10x_StdPeriph_Lib_V3.3.0/Libraries/CMSIS/CM3/DeviceSupport/ST/STM32F10x/system_stm32f10x.c ****   */
  95:firmware/STM32F10x_StdPeriph_Lib_V3.3.0/Libraries/CMSIS/CM3/DeviceSupport/ST/STM32F10x/system_stm32f10x.c **** 
  96:firmware/STM32F10x_StdPeriph_Lib_V3.3.0/Libraries/CMSIS/CM3/DeviceSupport/ST/STM32F10x/system_stm32f10x.c **** /** @addtogroup STM32F10x_System_Private_Macros
  97:firmware/STM32F10x_StdPeriph_Lib_V3.3.0/Libraries/CMSIS/CM3/DeviceSupport/ST/STM32F10x/system_stm32f10x.c ****   * @{
  98:firmware/STM32F10x_StdPeriph_Lib_V3.3.0/Libraries/CMSIS/CM3/DeviceSupport/ST/STM32F10x/system_stm32f10x.c ****   */
  99:firmware/STM32F10x_StdPeriph_Lib_V3.3.0/Libraries/CMSIS/CM3/DeviceSupport/ST/STM32F10x/system_stm32f10x.c **** 
 100:firmware/STM32F10x_StdPeriph_Lib_V3.3.0/Libraries/CMSIS/CM3/DeviceSupport/ST/STM32F10x/system_stm32f10x.c **** /**
 101:firmware/STM32F10x_StdPeriph_Lib_V3.3.0/Libraries/CMSIS/CM3/DeviceSupport/ST/STM32F10x/system_stm32f10x.c ****   * @}
 102:firmware/STM32F10x_StdPeriph_Lib_V3.3.0/Libraries/CMSIS/CM3/DeviceSupport/ST/STM32F10x/system_stm32f10x.c ****   */
 103:firmware/STM32F10x_StdPeriph_Lib_V3.3.0/Libraries/CMSIS/CM3/DeviceSupport/ST/STM32F10x/system_stm32f10x.c **** 
 104:firmware/STM32F10x_StdPeriph_Lib_V3.3.0/Libraries/CMSIS/CM3/DeviceSupport/ST/STM32F10x/system_stm32f10x.c **** /** @addtogroup STM32F10x_System_Private_Variables
 105:firmware/STM32F10x_StdPeriph_Lib_V3.3.0/Libraries/CMSIS/CM3/DeviceSupport/ST/STM32F10x/system_stm32f10x.c ****   * @{
 106:firmware/STM32F10x_StdPeriph_Lib_V3.3.0/Libraries/CMSIS/CM3/DeviceSupport/ST/STM32F10x/system_stm32f10x.c ****   */
 107:firmware/STM32F10x_StdPeriph_Lib_V3.3.0/Libraries/CMSIS/CM3/DeviceSupport/ST/STM32F10x/system_stm32f10x.c **** 
 108:firmware/STM32F10x_StdPeriph_Lib_V3.3.0/Libraries/CMSIS/CM3/DeviceSupport/ST/STM32F10x/system_stm32f10x.c **** /*******************************************************************************
 109:firmware/STM32F10x_StdPeriph_Lib_V3.3.0/Libraries/CMSIS/CM3/DeviceSupport/ST/STM32F10x/system_stm32f10x.c **** *  Clock Definitions
 110:firmware/STM32F10x_StdPeriph_Lib_V3.3.0/Libraries/CMSIS/CM3/DeviceSupport/ST/STM32F10x/system_stm32f10x.c **** *******************************************************************************/
 111:firmware/STM32F10x_StdPeriph_Lib_V3.3.0/Libraries/CMSIS/CM3/DeviceSupport/ST/STM32F10x/system_stm32f10x.c **** #ifdef SYSCLK_FREQ_HSE
 112:firmware/STM32F10x_StdPeriph_Lib_V3.3.0/Libraries/CMSIS/CM3/DeviceSupport/ST/STM32F10x/system_stm32f10x.c ****   uint32_t SystemCoreClock         = SYSCLK_FREQ_HSE;        /*!< System Clock Frequency (Core Cloc
 113:firmware/STM32F10x_StdPeriph_Lib_V3.3.0/Libraries/CMSIS/CM3/DeviceSupport/ST/STM32F10x/system_stm32f10x.c **** #elif defined SYSCLK_FREQ_24MHz
 114:firmware/STM32F10x_StdPeriph_Lib_V3.3.0/Libraries/CMSIS/CM3/DeviceSupport/ST/STM32F10x/system_stm32f10x.c ****   uint32_t SystemCoreClock         = SYSCLK_FREQ_24MHz;        /*!< System Clock Frequency (Core Cl
 115:firmware/STM32F10x_StdPeriph_Lib_V3.3.0/Libraries/CMSIS/CM3/DeviceSupport/ST/STM32F10x/system_stm32f10x.c **** #elif defined SYSCLK_FREQ_36MHz
 116:firmware/STM32F10x_StdPeriph_Lib_V3.3.0/Libraries/CMSIS/CM3/DeviceSupport/ST/STM32F10x/system_stm32f10x.c ****   uint32_t SystemCoreClock         = SYSCLK_FREQ_36MHz;        /*!< System Clock Frequency (Core Cl
 117:firmware/STM32F10x_StdPeriph_Lib_V3.3.0/Libraries/CMSIS/CM3/DeviceSupport/ST/STM32F10x/system_stm32f10x.c **** #elif defined SYSCLK_FREQ_48MHz
 118:firmware/STM32F10x_StdPeriph_Lib_V3.3.0/Libraries/CMSIS/CM3/DeviceSupport/ST/STM32F10x/system_stm32f10x.c ****   uint32_t SystemCoreClock         = SYSCLK_FREQ_48MHz;        /*!< System Clock Frequency (Core Cl
 119:firmware/STM32F10x_StdPeriph_Lib_V3.3.0/Libraries/CMSIS/CM3/DeviceSupport/ST/STM32F10x/system_stm32f10x.c **** #elif defined SYSCLK_FREQ_56MHz
 120:firmware/STM32F10x_StdPeriph_Lib_V3.3.0/Libraries/CMSIS/CM3/DeviceSupport/ST/STM32F10x/system_stm32f10x.c ****   uint32_t SystemCoreClock         = SYSCLK_FREQ_56MHz;        /*!< System Clock Frequency (Core Cl
 121:firmware/STM32F10x_StdPeriph_Lib_V3.3.0/Libraries/CMSIS/CM3/DeviceSupport/ST/STM32F10x/system_stm32f10x.c **** #elif defined SYSCLK_FREQ_72MHz
 122:firmware/STM32F10x_StdPeriph_Lib_V3.3.0/Libraries/CMSIS/CM3/DeviceSupport/ST/STM32F10x/system_stm32f10x.c ****   uint32_t SystemCoreClock         = SYSCLK_FREQ_72MHz;        /*!< System Clock Frequency (Core Cl
 123:firmware/STM32F10x_StdPeriph_Lib_V3.3.0/Libraries/CMSIS/CM3/DeviceSupport/ST/STM32F10x/system_stm32f10x.c **** #else /*!< HSI Selected as System Clock source */
 124:firmware/STM32F10x_StdPeriph_Lib_V3.3.0/Libraries/CMSIS/CM3/DeviceSupport/ST/STM32F10x/system_stm32f10x.c ****   uint32_t SystemCoreClock         = HSI_Value;        /*!< System Clock Frequency (Core Clock) */
 125:firmware/STM32F10x_StdPeriph_Lib_V3.3.0/Libraries/CMSIS/CM3/DeviceSupport/ST/STM32F10x/system_stm32f10x.c **** #endif
 126:firmware/STM32F10x_StdPeriph_Lib_V3.3.0/Libraries/CMSIS/CM3/DeviceSupport/ST/STM32F10x/system_stm32f10x.c **** 
 127:firmware/STM32F10x_StdPeriph_Lib_V3.3.0/Libraries/CMSIS/CM3/DeviceSupport/ST/STM32F10x/system_stm32f10x.c **** __I uint8_t AHBPrescTable[16] = {0, 0, 0, 0, 0, 0, 0, 0, 1, 2, 3, 4, 6, 7, 8, 9};
 128:firmware/STM32F10x_StdPeriph_Lib_V3.3.0/Libraries/CMSIS/CM3/DeviceSupport/ST/STM32F10x/system_stm32f10x.c **** /**
 129:firmware/STM32F10x_StdPeriph_Lib_V3.3.0/Libraries/CMSIS/CM3/DeviceSupport/ST/STM32F10x/system_stm32f10x.c ****   * @}
 130:firmware/STM32F10x_StdPeriph_Lib_V3.3.0/Libraries/CMSIS/CM3/DeviceSupport/ST/STM32F10x/system_stm32f10x.c ****   */
 131:firmware/STM32F10x_StdPeriph_Lib_V3.3.0/Libraries/CMSIS/CM3/DeviceSupport/ST/STM32F10x/system_stm32f10x.c **** 
 132:firmware/STM32F10x_StdPeriph_Lib_V3.3.0/Libraries/CMSIS/CM3/DeviceSupport/ST/STM32F10x/system_stm32f10x.c **** /** @addtogroup STM32F10x_System_Private_FunctionPrototypes
 133:firmware/STM32F10x_StdPeriph_Lib_V3.3.0/Libraries/CMSIS/CM3/DeviceSupport/ST/STM32F10x/system_stm32f10x.c ****   * @{
 134:firmware/STM32F10x_StdPeriph_Lib_V3.3.0/Libraries/CMSIS/CM3/DeviceSupport/ST/STM32F10x/system_stm32f10x.c ****   */
 135:firmware/STM32F10x_StdPeriph_Lib_V3.3.0/Libraries/CMSIS/CM3/DeviceSupport/ST/STM32F10x/system_stm32f10x.c **** 
 136:firmware/STM32F10x_StdPeriph_Lib_V3.3.0/Libraries/CMSIS/CM3/DeviceSupport/ST/STM32F10x/system_stm32f10x.c **** static void SetSysClock(void);
 137:firmware/STM32F10x_StdPeriph_Lib_V3.3.0/Libraries/CMSIS/CM3/DeviceSupport/ST/STM32F10x/system_stm32f10x.c **** 
 138:firmware/STM32F10x_StdPeriph_Lib_V3.3.0/Libraries/CMSIS/CM3/DeviceSupport/ST/STM32F10x/system_stm32f10x.c **** #ifdef SYSCLK_FREQ_HSE
 139:firmware/STM32F10x_StdPeriph_Lib_V3.3.0/Libraries/CMSIS/CM3/DeviceSupport/ST/STM32F10x/system_stm32f10x.c ****   static void SetSysClockToHSE(void);
 140:firmware/STM32F10x_StdPeriph_Lib_V3.3.0/Libraries/CMSIS/CM3/DeviceSupport/ST/STM32F10x/system_stm32f10x.c **** #elif defined SYSCLK_FREQ_24MHz
 141:firmware/STM32F10x_StdPeriph_Lib_V3.3.0/Libraries/CMSIS/CM3/DeviceSupport/ST/STM32F10x/system_stm32f10x.c ****   static void SetSysClockTo24(void);
 142:firmware/STM32F10x_StdPeriph_Lib_V3.3.0/Libraries/CMSIS/CM3/DeviceSupport/ST/STM32F10x/system_stm32f10x.c **** #elif defined SYSCLK_FREQ_36MHz
 143:firmware/STM32F10x_StdPeriph_Lib_V3.3.0/Libraries/CMSIS/CM3/DeviceSupport/ST/STM32F10x/system_stm32f10x.c ****   static void SetSysClockTo36(void);
 144:firmware/STM32F10x_StdPeriph_Lib_V3.3.0/Libraries/CMSIS/CM3/DeviceSupport/ST/STM32F10x/system_stm32f10x.c **** #elif defined SYSCLK_FREQ_48MHz
 145:firmware/STM32F10x_StdPeriph_Lib_V3.3.0/Libraries/CMSIS/CM3/DeviceSupport/ST/STM32F10x/system_stm32f10x.c ****   static void SetSysClockTo48(void);
 146:firmware/STM32F10x_StdPeriph_Lib_V3.3.0/Libraries/CMSIS/CM3/DeviceSupport/ST/STM32F10x/system_stm32f10x.c **** #elif defined SYSCLK_FREQ_56MHz
 147:firmware/STM32F10x_StdPeriph_Lib_V3.3.0/Libraries/CMSIS/CM3/DeviceSupport/ST/STM32F10x/system_stm32f10x.c ****   static void SetSysClockTo56(void);  
 148:firmware/STM32F10x_StdPeriph_Lib_V3.3.0/Libraries/CMSIS/CM3/DeviceSupport/ST/STM32F10x/system_stm32f10x.c **** #elif defined SYSCLK_FREQ_72MHz
 149:firmware/STM32F10x_StdPeriph_Lib_V3.3.0/Libraries/CMSIS/CM3/DeviceSupport/ST/STM32F10x/system_stm32f10x.c ****   static void SetSysClockTo72(void);
 150:firmware/STM32F10x_StdPeriph_Lib_V3.3.0/Libraries/CMSIS/CM3/DeviceSupport/ST/STM32F10x/system_stm32f10x.c **** #endif
 151:firmware/STM32F10x_StdPeriph_Lib_V3.3.0/Libraries/CMSIS/CM3/DeviceSupport/ST/STM32F10x/system_stm32f10x.c **** 
 152:firmware/STM32F10x_StdPeriph_Lib_V3.3.0/Libraries/CMSIS/CM3/DeviceSupport/ST/STM32F10x/system_stm32f10x.c **** #ifdef DATA_IN_ExtSRAM
 153:firmware/STM32F10x_StdPeriph_Lib_V3.3.0/Libraries/CMSIS/CM3/DeviceSupport/ST/STM32F10x/system_stm32f10x.c ****   static void SystemInit_ExtMemCtl(void); 
 154:firmware/STM32F10x_StdPeriph_Lib_V3.3.0/Libraries/CMSIS/CM3/DeviceSupport/ST/STM32F10x/system_stm32f10x.c **** #endif /* DATA_IN_ExtSRAM */
 155:firmware/STM32F10x_StdPeriph_Lib_V3.3.0/Libraries/CMSIS/CM3/DeviceSupport/ST/STM32F10x/system_stm32f10x.c **** 
 156:firmware/STM32F10x_StdPeriph_Lib_V3.3.0/Libraries/CMSIS/CM3/DeviceSupport/ST/STM32F10x/system_stm32f10x.c **** /**
 157:firmware/STM32F10x_StdPeriph_Lib_V3.3.0/Libraries/CMSIS/CM3/DeviceSupport/ST/STM32F10x/system_stm32f10x.c ****   * @}
 158:firmware/STM32F10x_StdPeriph_Lib_V3.3.0/Libraries/CMSIS/CM3/DeviceSupport/ST/STM32F10x/system_stm32f10x.c ****   */
 159:firmware/STM32F10x_StdPeriph_Lib_V3.3.0/Libraries/CMSIS/CM3/DeviceSupport/ST/STM32F10x/system_stm32f10x.c **** 
 160:firmware/STM32F10x_StdPeriph_Lib_V3.3.0/Libraries/CMSIS/CM3/DeviceSupport/ST/STM32F10x/system_stm32f10x.c **** /** @addtogroup STM32F10x_System_Private_Functions
 161:firmware/STM32F10x_StdPeriph_Lib_V3.3.0/Libraries/CMSIS/CM3/DeviceSupport/ST/STM32F10x/system_stm32f10x.c ****   * @{
 162:firmware/STM32F10x_StdPeriph_Lib_V3.3.0/Libraries/CMSIS/CM3/DeviceSupport/ST/STM32F10x/system_stm32f10x.c ****   */
 163:firmware/STM32F10x_StdPeriph_Lib_V3.3.0/Libraries/CMSIS/CM3/DeviceSupport/ST/STM32F10x/system_stm32f10x.c **** 
 164:firmware/STM32F10x_StdPeriph_Lib_V3.3.0/Libraries/CMSIS/CM3/DeviceSupport/ST/STM32F10x/system_stm32f10x.c **** /**
 165:firmware/STM32F10x_StdPeriph_Lib_V3.3.0/Libraries/CMSIS/CM3/DeviceSupport/ST/STM32F10x/system_stm32f10x.c ****   * @brief  Setup the microcontroller system
 166:firmware/STM32F10x_StdPeriph_Lib_V3.3.0/Libraries/CMSIS/CM3/DeviceSupport/ST/STM32F10x/system_stm32f10x.c ****   *         Initialize the Embedded Flash Interface, the PLL and update the 
 167:firmware/STM32F10x_StdPeriph_Lib_V3.3.0/Libraries/CMSIS/CM3/DeviceSupport/ST/STM32F10x/system_stm32f10x.c ****   *         SystemCoreClock variable.
 168:firmware/STM32F10x_StdPeriph_Lib_V3.3.0/Libraries/CMSIS/CM3/DeviceSupport/ST/STM32F10x/system_stm32f10x.c ****   * @note   This function should be used only after reset.
 169:firmware/STM32F10x_StdPeriph_Lib_V3.3.0/Libraries/CMSIS/CM3/DeviceSupport/ST/STM32F10x/system_stm32f10x.c ****   * @param  None
 170:firmware/STM32F10x_StdPeriph_Lib_V3.3.0/Libraries/CMSIS/CM3/DeviceSupport/ST/STM32F10x/system_stm32f10x.c ****   * @retval None
 171:firmware/STM32F10x_StdPeriph_Lib_V3.3.0/Libraries/CMSIS/CM3/DeviceSupport/ST/STM32F10x/system_stm32f10x.c ****   */
 172:firmware/STM32F10x_StdPeriph_Lib_V3.3.0/Libraries/CMSIS/CM3/DeviceSupport/ST/STM32F10x/system_stm32f10x.c **** void SystemInit (void)
 173:firmware/STM32F10x_StdPeriph_Lib_V3.3.0/Libraries/CMSIS/CM3/DeviceSupport/ST/STM32F10x/system_stm32f10x.c **** {
  32              		.loc 1 173 0
  33              		.cfi_startproc
  34              		@ args = 0, pretend = 0, frame = 0
  35              		@ frame_needed = 0, uses_anonymous_args = 0
  36              		@ link register save eliminated.
 174:firmware/STM32F10x_StdPeriph_Lib_V3.3.0/Libraries/CMSIS/CM3/DeviceSupport/ST/STM32F10x/system_stm32f10x.c ****   /* Reset the RCC clock configuration to the default reset state(for debug purpose) */
 175:firmware/STM32F10x_StdPeriph_Lib_V3.3.0/Libraries/CMSIS/CM3/DeviceSupport/ST/STM32F10x/system_stm32f10x.c ****   /* Set HSION bit */
 176:firmware/STM32F10x_StdPeriph_Lib_V3.3.0/Libraries/CMSIS/CM3/DeviceSupport/ST/STM32F10x/system_stm32f10x.c ****   RCC->CR |= (uint32_t)0x00000001;
  37              		.loc 1 176 0
  38 0000 0D4B     		ldr	r3, .L2
  39 0002 1A68     		ldr	r2, [r3, #0]
  40 0004 42F00102 		orr	r2, r2, #1
  41 0008 1A60     		str	r2, [r3, #0]
 177:firmware/STM32F10x_StdPeriph_Lib_V3.3.0/Libraries/CMSIS/CM3/DeviceSupport/ST/STM32F10x/system_stm32f10x.c **** 
 178:firmware/STM32F10x_StdPeriph_Lib_V3.3.0/Libraries/CMSIS/CM3/DeviceSupport/ST/STM32F10x/system_stm32f10x.c ****   /* Reset SW, HPRE, PPRE1, PPRE2, ADCPRE and MCO bits */
 179:firmware/STM32F10x_StdPeriph_Lib_V3.3.0/Libraries/CMSIS/CM3/DeviceSupport/ST/STM32F10x/system_stm32f10x.c **** #ifndef STM32F10X_CL
 180:firmware/STM32F10x_StdPeriph_Lib_V3.3.0/Libraries/CMSIS/CM3/DeviceSupport/ST/STM32F10x/system_stm32f10x.c ****   RCC->CFGR &= (uint32_t)0xF8FF0000;
  42              		.loc 1 180 0
  43 000a 5968     		ldr	r1, [r3, #4]
  44 000c 0B4A     		ldr	r2, .L2+4
  45 000e 01EA0202 		and	r2, r1, r2
  46 0012 5A60     		str	r2, [r3, #4]
 181:firmware/STM32F10x_StdPeriph_Lib_V3.3.0/Libraries/CMSIS/CM3/DeviceSupport/ST/STM32F10x/system_stm32f10x.c **** #else
 182:firmware/STM32F10x_StdPeriph_Lib_V3.3.0/Libraries/CMSIS/CM3/DeviceSupport/ST/STM32F10x/system_stm32f10x.c ****   RCC->CFGR &= (uint32_t)0xF0FF0000;
 183:firmware/STM32F10x_StdPeriph_Lib_V3.3.0/Libraries/CMSIS/CM3/DeviceSupport/ST/STM32F10x/system_stm32f10x.c **** #endif /* STM32F10X_CL */   
 184:firmware/STM32F10x_StdPeriph_Lib_V3.3.0/Libraries/CMSIS/CM3/DeviceSupport/ST/STM32F10x/system_stm32f10x.c ****   
 185:firmware/STM32F10x_StdPeriph_Lib_V3.3.0/Libraries/CMSIS/CM3/DeviceSupport/ST/STM32F10x/system_stm32f10x.c ****   /* Reset HSEON, CSSON and PLLON bits */
 186:firmware/STM32F10x_StdPeriph_Lib_V3.3.0/Libraries/CMSIS/CM3/DeviceSupport/ST/STM32F10x/system_stm32f10x.c ****   RCC->CR &= (uint32_t)0xFEF6FFFF;
  47              		.loc 1 186 0
  48 0014 1A68     		ldr	r2, [r3, #0]
  49 0016 22F08472 		bic	r2, r2, #17301504
  50 001a 22F48032 		bic	r2, r2, #65536
  51 001e 1A60     		str	r2, [r3, #0]
 187:firmware/STM32F10x_StdPeriph_Lib_V3.3.0/Libraries/CMSIS/CM3/DeviceSupport/ST/STM32F10x/system_stm32f10x.c **** 
 188:firmware/STM32F10x_StdPeriph_Lib_V3.3.0/Libraries/CMSIS/CM3/DeviceSupport/ST/STM32F10x/system_stm32f10x.c ****   /* Reset HSEBYP bit */
 189:firmware/STM32F10x_StdPeriph_Lib_V3.3.0/Libraries/CMSIS/CM3/DeviceSupport/ST/STM32F10x/system_stm32f10x.c ****   RCC->CR &= (uint32_t)0xFFFBFFFF;
  52              		.loc 1 189 0
  53 0020 1A68     		ldr	r2, [r3, #0]
  54 0022 22F48022 		bic	r2, r2, #262144
  55 0026 1A60     		str	r2, [r3, #0]
 190:firmware/STM32F10x_StdPeriph_Lib_V3.3.0/Libraries/CMSIS/CM3/DeviceSupport/ST/STM32F10x/system_stm32f10x.c **** 
 191:firmware/STM32F10x_StdPeriph_Lib_V3.3.0/Libraries/CMSIS/CM3/DeviceSupport/ST/STM32F10x/system_stm32f10x.c ****   /* Reset PLLSRC, PLLXTPRE, PLLMUL and USBPRE/OTGFSPRE bits */
 192:firmware/STM32F10x_StdPeriph_Lib_V3.3.0/Libraries/CMSIS/CM3/DeviceSupport/ST/STM32F10x/system_stm32f10x.c ****   RCC->CFGR &= (uint32_t)0xFF80FFFF;
  56              		.loc 1 192 0
  57 0028 5A68     		ldr	r2, [r3, #4]
  58 002a 22F4FE02 		bic	r2, r2, #8323072
  59 002e 5A60     		str	r2, [r3, #4]
 193:firmware/STM32F10x_StdPeriph_Lib_V3.3.0/Libraries/CMSIS/CM3/DeviceSupport/ST/STM32F10x/system_stm32f10x.c **** 
 194:firmware/STM32F10x_StdPeriph_Lib_V3.3.0/Libraries/CMSIS/CM3/DeviceSupport/ST/STM32F10x/system_stm32f10x.c **** #ifdef STM32F10X_CL
 195:firmware/STM32F10x_StdPeriph_Lib_V3.3.0/Libraries/CMSIS/CM3/DeviceSupport/ST/STM32F10x/system_stm32f10x.c ****   /* Reset PLL2ON and PLL3ON bits */
 196:firmware/STM32F10x_StdPeriph_Lib_V3.3.0/Libraries/CMSIS/CM3/DeviceSupport/ST/STM32F10x/system_stm32f10x.c ****   RCC->CR &= (uint32_t)0xEBFFFFFF;
 197:firmware/STM32F10x_StdPeriph_Lib_V3.3.0/Libraries/CMSIS/CM3/DeviceSupport/ST/STM32F10x/system_stm32f10x.c **** 
 198:firmware/STM32F10x_StdPeriph_Lib_V3.3.0/Libraries/CMSIS/CM3/DeviceSupport/ST/STM32F10x/system_stm32f10x.c ****   /* Disable all interrupts and clear pending bits  */
 199:firmware/STM32F10x_StdPeriph_Lib_V3.3.0/Libraries/CMSIS/CM3/DeviceSupport/ST/STM32F10x/system_stm32f10x.c ****   RCC->CIR = 0x00FF0000;
 200:firmware/STM32F10x_StdPeriph_Lib_V3.3.0/Libraries/CMSIS/CM3/DeviceSupport/ST/STM32F10x/system_stm32f10x.c **** 
 201:firmware/STM32F10x_StdPeriph_Lib_V3.3.0/Libraries/CMSIS/CM3/DeviceSupport/ST/STM32F10x/system_stm32f10x.c ****   /* Reset CFGR2 register */
 202:firmware/STM32F10x_StdPeriph_Lib_V3.3.0/Libraries/CMSIS/CM3/DeviceSupport/ST/STM32F10x/system_stm32f10x.c ****   RCC->CFGR2 = 0x00000000;
 203:firmware/STM32F10x_StdPeriph_Lib_V3.3.0/Libraries/CMSIS/CM3/DeviceSupport/ST/STM32F10x/system_stm32f10x.c **** #elif defined (STM32F10X_LD_VL) || defined (STM32F10X_MD_VL) 
 204:firmware/STM32F10x_StdPeriph_Lib_V3.3.0/Libraries/CMSIS/CM3/DeviceSupport/ST/STM32F10x/system_stm32f10x.c ****   /* Disable all interrupts and clear pending bits  */
 205:firmware/STM32F10x_StdPeriph_Lib_V3.3.0/Libraries/CMSIS/CM3/DeviceSupport/ST/STM32F10x/system_stm32f10x.c ****   RCC->CIR = 0x009F0000;
 206:firmware/STM32F10x_StdPeriph_Lib_V3.3.0/Libraries/CMSIS/CM3/DeviceSupport/ST/STM32F10x/system_stm32f10x.c **** 
 207:firmware/STM32F10x_StdPeriph_Lib_V3.3.0/Libraries/CMSIS/CM3/DeviceSupport/ST/STM32F10x/system_stm32f10x.c ****   /* Reset CFGR2 register */
 208:firmware/STM32F10x_StdPeriph_Lib_V3.3.0/Libraries/CMSIS/CM3/DeviceSupport/ST/STM32F10x/system_stm32f10x.c ****   RCC->CFGR2 = 0x00000000;      
 209:firmware/STM32F10x_StdPeriph_Lib_V3.3.0/Libraries/CMSIS/CM3/DeviceSupport/ST/STM32F10x/system_stm32f10x.c **** #else
 210:firmware/STM32F10x_StdPeriph_Lib_V3.3.0/Libraries/CMSIS/CM3/DeviceSupport/ST/STM32F10x/system_stm32f10x.c ****   /* Disable all interrupts and clear pending bits  */
 211:firmware/STM32F10x_StdPeriph_Lib_V3.3.0/Libraries/CMSIS/CM3/DeviceSupport/ST/STM32F10x/system_stm32f10x.c ****   RCC->CIR = 0x009F0000;
  60              		.loc 1 211 0
  61 0030 4FF41F02 		mov	r2, #10420224
  62 0034 9A60     		str	r2, [r3, #8]
 212:firmware/STM32F10x_StdPeriph_Lib_V3.3.0/Libraries/CMSIS/CM3/DeviceSupport/ST/STM32F10x/system_stm32f10x.c **** #endif /* STM32F10X_CL */
 213:firmware/STM32F10x_StdPeriph_Lib_V3.3.0/Libraries/CMSIS/CM3/DeviceSupport/ST/STM32F10x/system_stm32f10x.c ****     
 214:firmware/STM32F10x_StdPeriph_Lib_V3.3.0/Libraries/CMSIS/CM3/DeviceSupport/ST/STM32F10x/system_stm32f10x.c **** #if defined (STM32F10X_HD) || (defined STM32F10X_XL)
 215:firmware/STM32F10x_StdPeriph_Lib_V3.3.0/Libraries/CMSIS/CM3/DeviceSupport/ST/STM32F10x/system_stm32f10x.c ****   #ifdef DATA_IN_ExtSRAM
 216:firmware/STM32F10x_StdPeriph_Lib_V3.3.0/Libraries/CMSIS/CM3/DeviceSupport/ST/STM32F10x/system_stm32f10x.c ****     SystemInit_ExtMemCtl(); 
 217:firmware/STM32F10x_StdPeriph_Lib_V3.3.0/Libraries/CMSIS/CM3/DeviceSupport/ST/STM32F10x/system_stm32f10x.c ****   #endif /* DATA_IN_ExtSRAM */
 218:firmware/STM32F10x_StdPeriph_Lib_V3.3.0/Libraries/CMSIS/CM3/DeviceSupport/ST/STM32F10x/system_stm32f10x.c **** #endif 
 219:firmware/STM32F10x_StdPeriph_Lib_V3.3.0/Libraries/CMSIS/CM3/DeviceSupport/ST/STM32F10x/system_stm32f10x.c **** 
 220:firmware/STM32F10x_StdPeriph_Lib_V3.3.0/Libraries/CMSIS/CM3/DeviceSupport/ST/STM32F10x/system_stm32f10x.c ****   /* Configure the System clock frequency, HCLK, PCLK2 and PCLK1 prescalers */
 221:firmware/STM32F10x_StdPeriph_Lib_V3.3.0/Libraries/CMSIS/CM3/DeviceSupport/ST/STM32F10x/system_stm32f10x.c ****   /* Configure the Flash Latency cycles and enable prefetch buffer */
 222:firmware/STM32F10x_StdPeriph_Lib_V3.3.0/Libraries/CMSIS/CM3/DeviceSupport/ST/STM32F10x/system_stm32f10x.c ****   SetSysClock();
 223:firmware/STM32F10x_StdPeriph_Lib_V3.3.0/Libraries/CMSIS/CM3/DeviceSupport/ST/STM32F10x/system_stm32f10x.c **** }
  63              		.loc 1 223 0
  64 0036 7047     		bx	lr
  65              	.L3:
  66              		.align	2
  67              	.L2:
  68 0038 00100240 		.word	1073876992
  69 003c 0000FFF8 		.word	-117506048
  70              		.cfi_endproc
  71              	.LFE29:
  73              		.section	.text.SystemCoreClockUpdate,"ax",%progbits
  74              		.align	1
  75              		.global	SystemCoreClockUpdate
  76              		.thumb
  77              		.thumb_func
  79              	SystemCoreClockUpdate:
  80              	.LFB30:
 224:firmware/STM32F10x_StdPeriph_Lib_V3.3.0/Libraries/CMSIS/CM3/DeviceSupport/ST/STM32F10x/system_stm32f10x.c **** 
 225:firmware/STM32F10x_StdPeriph_Lib_V3.3.0/Libraries/CMSIS/CM3/DeviceSupport/ST/STM32F10x/system_stm32f10x.c **** /**
 226:firmware/STM32F10x_StdPeriph_Lib_V3.3.0/Libraries/CMSIS/CM3/DeviceSupport/ST/STM32F10x/system_stm32f10x.c ****   * @brief  Update SystemCoreClock according to Clock Register Values
 227:firmware/STM32F10x_StdPeriph_Lib_V3.3.0/Libraries/CMSIS/CM3/DeviceSupport/ST/STM32F10x/system_stm32f10x.c ****   * @note   None
 228:firmware/STM32F10x_StdPeriph_Lib_V3.3.0/Libraries/CMSIS/CM3/DeviceSupport/ST/STM32F10x/system_stm32f10x.c ****   * @param  None
 229:firmware/STM32F10x_StdPeriph_Lib_V3.3.0/Libraries/CMSIS/CM3/DeviceSupport/ST/STM32F10x/system_stm32f10x.c ****   * @retval None
 230:firmware/STM32F10x_StdPeriph_Lib_V3.3.0/Libraries/CMSIS/CM3/DeviceSupport/ST/STM32F10x/system_stm32f10x.c ****   */
 231:firmware/STM32F10x_StdPeriph_Lib_V3.3.0/Libraries/CMSIS/CM3/DeviceSupport/ST/STM32F10x/system_stm32f10x.c **** void SystemCoreClockUpdate (void)
 232:firmware/STM32F10x_StdPeriph_Lib_V3.3.0/Libraries/CMSIS/CM3/DeviceSupport/ST/STM32F10x/system_stm32f10x.c **** {
  81              		.loc 1 232 0
  82              		.cfi_startproc
  83              		@ args = 0, pretend = 0, frame = 0
  84              		@ frame_needed = 0, uses_anonymous_args = 0
  85              		@ link register save eliminated.
  86              	.LVL0:
 233:firmware/STM32F10x_StdPeriph_Lib_V3.3.0/Libraries/CMSIS/CM3/DeviceSupport/ST/STM32F10x/system_stm32f10x.c ****   uint32_t tmp = 0, pllmull = 0, pllsource = 0;
 234:firmware/STM32F10x_StdPeriph_Lib_V3.3.0/Libraries/CMSIS/CM3/DeviceSupport/ST/STM32F10x/system_stm32f10x.c **** 
 235:firmware/STM32F10x_StdPeriph_Lib_V3.3.0/Libraries/CMSIS/CM3/DeviceSupport/ST/STM32F10x/system_stm32f10x.c **** #ifdef  STM32F10X_CL
 236:firmware/STM32F10x_StdPeriph_Lib_V3.3.0/Libraries/CMSIS/CM3/DeviceSupport/ST/STM32F10x/system_stm32f10x.c ****   uint32_t prediv1source = 0, prediv1factor = 0, prediv2factor = 0, pll2mull = 0;
 237:firmware/STM32F10x_StdPeriph_Lib_V3.3.0/Libraries/CMSIS/CM3/DeviceSupport/ST/STM32F10x/system_stm32f10x.c **** #endif /* STM32F10X_CL */
 238:firmware/STM32F10x_StdPeriph_Lib_V3.3.0/Libraries/CMSIS/CM3/DeviceSupport/ST/STM32F10x/system_stm32f10x.c **** 
 239:firmware/STM32F10x_StdPeriph_Lib_V3.3.0/Libraries/CMSIS/CM3/DeviceSupport/ST/STM32F10x/system_stm32f10x.c **** #if defined (STM32F10X_LD_VL) || defined (STM32F10X_MD_VL)
 240:firmware/STM32F10x_StdPeriph_Lib_V3.3.0/Libraries/CMSIS/CM3/DeviceSupport/ST/STM32F10x/system_stm32f10x.c ****   uint32_t prediv1factor = 0;
 241:firmware/STM32F10x_StdPeriph_Lib_V3.3.0/Libraries/CMSIS/CM3/DeviceSupport/ST/STM32F10x/system_stm32f10x.c **** #endif /* STM32F10X_LD_VL or STM32F10X_MD_VL */
 242:firmware/STM32F10x_StdPeriph_Lib_V3.3.0/Libraries/CMSIS/CM3/DeviceSupport/ST/STM32F10x/system_stm32f10x.c ****     
 243:firmware/STM32F10x_StdPeriph_Lib_V3.3.0/Libraries/CMSIS/CM3/DeviceSupport/ST/STM32F10x/system_stm32f10x.c ****   /* Get SYSCLK source -------------------------------------------------------*/
 244:firmware/STM32F10x_StdPeriph_Lib_V3.3.0/Libraries/CMSIS/CM3/DeviceSupport/ST/STM32F10x/system_stm32f10x.c ****   tmp = RCC->CFGR & RCC_CFGR_SWS;
  87              		.loc 1 244 0
  88 0000 144A     		ldr	r2, .L14
  89 0002 154B     		ldr	r3, .L14+4
  90 0004 5168     		ldr	r1, [r2, #4]
  91              	.LVL1:
  92 0006 01F00C01 		and	r1, r1, #12
  93              	.LVL2:
 245:firmware/STM32F10x_StdPeriph_Lib_V3.3.0/Libraries/CMSIS/CM3/DeviceSupport/ST/STM32F10x/system_stm32f10x.c ****   
 246:firmware/STM32F10x_StdPeriph_Lib_V3.3.0/Libraries/CMSIS/CM3/DeviceSupport/ST/STM32F10x/system_stm32f10x.c ****   switch (tmp)
  94              		.loc 1 246 0
  95 000a 0429     		cmp	r1, #4
  96 000c 01D0     		beq	.L7
  97 000e 0829     		cmp	r1, #8
  98 0010 02D0     		beq	.L8
  99              	.L7:
 247:firmware/STM32F10x_StdPeriph_Lib_V3.3.0/Libraries/CMSIS/CM3/DeviceSupport/ST/STM32F10x/system_stm32f10x.c ****   {
 248:firmware/STM32F10x_StdPeriph_Lib_V3.3.0/Libraries/CMSIS/CM3/DeviceSupport/ST/STM32F10x/system_stm32f10x.c ****     case 0x00:  /* HSI used as system clock */
 249:firmware/STM32F10x_StdPeriph_Lib_V3.3.0/Libraries/CMSIS/CM3/DeviceSupport/ST/STM32F10x/system_stm32f10x.c ****       SystemCoreClock = HSI_Value;
 250:firmware/STM32F10x_StdPeriph_Lib_V3.3.0/Libraries/CMSIS/CM3/DeviceSupport/ST/STM32F10x/system_stm32f10x.c ****       break;
 251:firmware/STM32F10x_StdPeriph_Lib_V3.3.0/Libraries/CMSIS/CM3/DeviceSupport/ST/STM32F10x/system_stm32f10x.c ****     case 0x04:  /* HSE used as system clock */
 252:firmware/STM32F10x_StdPeriph_Lib_V3.3.0/Libraries/CMSIS/CM3/DeviceSupport/ST/STM32F10x/system_stm32f10x.c ****       SystemCoreClock = HSE_Value;
 100              		.loc 1 252 0
 101 0012 124A     		ldr	r2, .L14+8
 102 0014 1A60     		str	r2, [r3, #0]
 253:firmware/STM32F10x_StdPeriph_Lib_V3.3.0/Libraries/CMSIS/CM3/DeviceSupport/ST/STM32F10x/system_stm32f10x.c ****       break;
 103              		.loc 1 253 0
 104 0016 11E0     		b	.L9
 105              	.L8:
 254:firmware/STM32F10x_StdPeriph_Lib_V3.3.0/Libraries/CMSIS/CM3/DeviceSupport/ST/STM32F10x/system_stm32f10x.c ****     case 0x08:  /* PLL used as system clock */
 255:firmware/STM32F10x_StdPeriph_Lib_V3.3.0/Libraries/CMSIS/CM3/DeviceSupport/ST/STM32F10x/system_stm32f10x.c **** 
 256:firmware/STM32F10x_StdPeriph_Lib_V3.3.0/Libraries/CMSIS/CM3/DeviceSupport/ST/STM32F10x/system_stm32f10x.c ****       /* Get PLL clock source and multiplication factor ----------------------*/
 257:firmware/STM32F10x_StdPeriph_Lib_V3.3.0/Libraries/CMSIS/CM3/DeviceSupport/ST/STM32F10x/system_stm32f10x.c ****       pllmull = RCC->CFGR & RCC_CFGR_PLLMULL;
 106              		.loc 1 257 0
 107 0018 5168     		ldr	r1, [r2, #4]
 108              	.LVL3:
 258:firmware/STM32F10x_StdPeriph_Lib_V3.3.0/Libraries/CMSIS/CM3/DeviceSupport/ST/STM32F10x/system_stm32f10x.c ****       pllsource = RCC->CFGR & RCC_CFGR_PLLSRC;
 109              		.loc 1 258 0
 110 001a 5068     		ldr	r0, [r2, #4]
 111              	.LVL4:
 257:firmware/STM32F10x_StdPeriph_Lib_V3.3.0/Libraries/CMSIS/CM3/DeviceSupport/ST/STM32F10x/system_stm32f10x.c ****       pllmull = RCC->CFGR & RCC_CFGR_PLLMULL;
 112              		.loc 1 257 0
 113 001c 01F47011 		and	r1, r1, #3932160
 114              	.LVL5:
 259:firmware/STM32F10x_StdPeriph_Lib_V3.3.0/Libraries/CMSIS/CM3/DeviceSupport/ST/STM32F10x/system_stm32f10x.c ****       
 260:firmware/STM32F10x_StdPeriph_Lib_V3.3.0/Libraries/CMSIS/CM3/DeviceSupport/ST/STM32F10x/system_stm32f10x.c **** #ifndef STM32F10X_CL      
 261:firmware/STM32F10x_StdPeriph_Lib_V3.3.0/Libraries/CMSIS/CM3/DeviceSupport/ST/STM32F10x/system_stm32f10x.c ****       pllmull = ( pllmull >> 18) + 2;
 115              		.loc 1 261 0
 116 0020 890C     		lsrs	r1, r1, #18
 117              	.LVL6:
 118 0022 0231     		adds	r1, r1, #2
 119              	.LVL7:
 262:firmware/STM32F10x_StdPeriph_Lib_V3.3.0/Libraries/CMSIS/CM3/DeviceSupport/ST/STM32F10x/system_stm32f10x.c ****       
 263:firmware/STM32F10x_StdPeriph_Lib_V3.3.0/Libraries/CMSIS/CM3/DeviceSupport/ST/STM32F10x/system_stm32f10x.c ****       if (pllsource == 0x00)
 120              		.loc 1 263 0
 121 0024 10F4803F 		tst	r0, #65536
 122 0028 03D0     		beq	.L13
 123              	.L10:
 264:firmware/STM32F10x_StdPeriph_Lib_V3.3.0/Libraries/CMSIS/CM3/DeviceSupport/ST/STM32F10x/system_stm32f10x.c ****       {
 265:firmware/STM32F10x_StdPeriph_Lib_V3.3.0/Libraries/CMSIS/CM3/DeviceSupport/ST/STM32F10x/system_stm32f10x.c ****         /* HSI oscillator clock divided by 2 selected as PLL clock entry */
 266:firmware/STM32F10x_StdPeriph_Lib_V3.3.0/Libraries/CMSIS/CM3/DeviceSupport/ST/STM32F10x/system_stm32f10x.c ****         SystemCoreClock = (HSI_Value >> 1) * pllmull;
 267:firmware/STM32F10x_StdPeriph_Lib_V3.3.0/Libraries/CMSIS/CM3/DeviceSupport/ST/STM32F10x/system_stm32f10x.c ****       }
 268:firmware/STM32F10x_StdPeriph_Lib_V3.3.0/Libraries/CMSIS/CM3/DeviceSupport/ST/STM32F10x/system_stm32f10x.c ****       else
 269:firmware/STM32F10x_StdPeriph_Lib_V3.3.0/Libraries/CMSIS/CM3/DeviceSupport/ST/STM32F10x/system_stm32f10x.c ****       {
 270:firmware/STM32F10x_StdPeriph_Lib_V3.3.0/Libraries/CMSIS/CM3/DeviceSupport/ST/STM32F10x/system_stm32f10x.c ****  #if defined (STM32F10X_LD_VL) || defined (STM32F10X_MD_VL)
 271:firmware/STM32F10x_StdPeriph_Lib_V3.3.0/Libraries/CMSIS/CM3/DeviceSupport/ST/STM32F10x/system_stm32f10x.c ****        prediv1factor = (RCC->CFGR2 & RCC_CFGR2_PREDIV1) + 1;
 272:firmware/STM32F10x_StdPeriph_Lib_V3.3.0/Libraries/CMSIS/CM3/DeviceSupport/ST/STM32F10x/system_stm32f10x.c ****        /* HSE oscillator clock selected as PREDIV1 clock entry */
 273:firmware/STM32F10x_StdPeriph_Lib_V3.3.0/Libraries/CMSIS/CM3/DeviceSupport/ST/STM32F10x/system_stm32f10x.c ****        SystemCoreClock = (HSE_Value / prediv1factor) * pllmull; 
 274:firmware/STM32F10x_StdPeriph_Lib_V3.3.0/Libraries/CMSIS/CM3/DeviceSupport/ST/STM32F10x/system_stm32f10x.c ****  #else
 275:firmware/STM32F10x_StdPeriph_Lib_V3.3.0/Libraries/CMSIS/CM3/DeviceSupport/ST/STM32F10x/system_stm32f10x.c ****         /* HSE selected as PLL clock entry */
 276:firmware/STM32F10x_StdPeriph_Lib_V3.3.0/Libraries/CMSIS/CM3/DeviceSupport/ST/STM32F10x/system_stm32f10x.c ****         if ((RCC->CFGR & RCC_CFGR_PLLXTPRE) != (uint32_t)RESET)
 124              		.loc 1 276 0
 125 002a 5268     		ldr	r2, [r2, #4]
 126 002c 12F4003F 		tst	r2, #131072
 127 0030 01D0     		beq	.L11
 128              	.L13:
 277:firmware/STM32F10x_StdPeriph_Lib_V3.3.0/Libraries/CMSIS/CM3/DeviceSupport/ST/STM32F10x/system_stm32f10x.c ****         {/* HSE oscillator clock divided by 2 */
 278:firmware/STM32F10x_StdPeriph_Lib_V3.3.0/Libraries/CMSIS/CM3/DeviceSupport/ST/STM32F10x/system_stm32f10x.c ****           SystemCoreClock = (HSE_Value >> 1) * pllmull;
 129              		.loc 1 278 0
 130 0032 0B4A     		ldr	r2, .L14+12
 131 0034 00E0     		b	.L12
 132              	.L11:
 279:firmware/STM32F10x_StdPeriph_Lib_V3.3.0/Libraries/CMSIS/CM3/DeviceSupport/ST/STM32F10x/system_stm32f10x.c ****         }
 280:firmware/STM32F10x_StdPeriph_Lib_V3.3.0/Libraries/CMSIS/CM3/DeviceSupport/ST/STM32F10x/system_stm32f10x.c ****         else
 281:firmware/STM32F10x_StdPeriph_Lib_V3.3.0/Libraries/CMSIS/CM3/DeviceSupport/ST/STM32F10x/system_stm32f10x.c ****         {
 282:firmware/STM32F10x_StdPeriph_Lib_V3.3.0/Libraries/CMSIS/CM3/DeviceSupport/ST/STM32F10x/system_stm32f10x.c ****           SystemCoreClock = HSE_Value * pllmull;
 133              		.loc 1 282 0
 134 0036 094A     		ldr	r2, .L14+8
 135              	.L12:
 136 0038 5143     		muls	r1, r2, r1
 137              	.LVL8:
 138 003a 1960     		str	r1, [r3, #0]
 139              	.LVL9:
 140              	.L9:
 283:firmware/STM32F10x_StdPeriph_Lib_V3.3.0/Libraries/CMSIS/CM3/DeviceSupport/ST/STM32F10x/system_stm32f10x.c ****         }
 284:firmware/STM32F10x_StdPeriph_Lib_V3.3.0/Libraries/CMSIS/CM3/DeviceSupport/ST/STM32F10x/system_stm32f10x.c ****  #endif
 285:firmware/STM32F10x_StdPeriph_Lib_V3.3.0/Libraries/CMSIS/CM3/DeviceSupport/ST/STM32F10x/system_stm32f10x.c ****       }
 286:firmware/STM32F10x_StdPeriph_Lib_V3.3.0/Libraries/CMSIS/CM3/DeviceSupport/ST/STM32F10x/system_stm32f10x.c **** #else
 287:firmware/STM32F10x_StdPeriph_Lib_V3.3.0/Libraries/CMSIS/CM3/DeviceSupport/ST/STM32F10x/system_stm32f10x.c ****       pllmull = pllmull >> 18;
 288:firmware/STM32F10x_StdPeriph_Lib_V3.3.0/Libraries/CMSIS/CM3/DeviceSupport/ST/STM32F10x/system_stm32f10x.c ****       
 289:firmware/STM32F10x_StdPeriph_Lib_V3.3.0/Libraries/CMSIS/CM3/DeviceSupport/ST/STM32F10x/system_stm32f10x.c ****       if (pllmull != 0x0D)
 290:firmware/STM32F10x_StdPeriph_Lib_V3.3.0/Libraries/CMSIS/CM3/DeviceSupport/ST/STM32F10x/system_stm32f10x.c ****       {
 291:firmware/STM32F10x_StdPeriph_Lib_V3.3.0/Libraries/CMSIS/CM3/DeviceSupport/ST/STM32F10x/system_stm32f10x.c ****          pllmull += 2;
 292:firmware/STM32F10x_StdPeriph_Lib_V3.3.0/Libraries/CMSIS/CM3/DeviceSupport/ST/STM32F10x/system_stm32f10x.c ****       }
 293:firmware/STM32F10x_StdPeriph_Lib_V3.3.0/Libraries/CMSIS/CM3/DeviceSupport/ST/STM32F10x/system_stm32f10x.c ****       else
 294:firmware/STM32F10x_StdPeriph_Lib_V3.3.0/Libraries/CMSIS/CM3/DeviceSupport/ST/STM32F10x/system_stm32f10x.c ****       { /* PLL multiplication factor = PLL input clock * 6.5 */
 295:firmware/STM32F10x_StdPeriph_Lib_V3.3.0/Libraries/CMSIS/CM3/DeviceSupport/ST/STM32F10x/system_stm32f10x.c ****         pllmull = 13 / 2; 
 296:firmware/STM32F10x_StdPeriph_Lib_V3.3.0/Libraries/CMSIS/CM3/DeviceSupport/ST/STM32F10x/system_stm32f10x.c ****       }
 297:firmware/STM32F10x_StdPeriph_Lib_V3.3.0/Libraries/CMSIS/CM3/DeviceSupport/ST/STM32F10x/system_stm32f10x.c ****             
 298:firmware/STM32F10x_StdPeriph_Lib_V3.3.0/Libraries/CMSIS/CM3/DeviceSupport/ST/STM32F10x/system_stm32f10x.c ****       if (pllsource == 0x00)
 299:firmware/STM32F10x_StdPeriph_Lib_V3.3.0/Libraries/CMSIS/CM3/DeviceSupport/ST/STM32F10x/system_stm32f10x.c ****       {
 300:firmware/STM32F10x_StdPeriph_Lib_V3.3.0/Libraries/CMSIS/CM3/DeviceSupport/ST/STM32F10x/system_stm32f10x.c ****         /* HSI oscillator clock divided by 2 selected as PLL clock entry */
 301:firmware/STM32F10x_StdPeriph_Lib_V3.3.0/Libraries/CMSIS/CM3/DeviceSupport/ST/STM32F10x/system_stm32f10x.c ****         SystemCoreClock = (HSI_Value >> 1) * pllmull;
 302:firmware/STM32F10x_StdPeriph_Lib_V3.3.0/Libraries/CMSIS/CM3/DeviceSupport/ST/STM32F10x/system_stm32f10x.c ****       }
 303:firmware/STM32F10x_StdPeriph_Lib_V3.3.0/Libraries/CMSIS/CM3/DeviceSupport/ST/STM32F10x/system_stm32f10x.c ****       else
 304:firmware/STM32F10x_StdPeriph_Lib_V3.3.0/Libraries/CMSIS/CM3/DeviceSupport/ST/STM32F10x/system_stm32f10x.c ****       {/* PREDIV1 selected as PLL clock entry */
 305:firmware/STM32F10x_StdPeriph_Lib_V3.3.0/Libraries/CMSIS/CM3/DeviceSupport/ST/STM32F10x/system_stm32f10x.c ****         
 306:firmware/STM32F10x_StdPeriph_Lib_V3.3.0/Libraries/CMSIS/CM3/DeviceSupport/ST/STM32F10x/system_stm32f10x.c ****         /* Get PREDIV1 clock source and division factor */
 307:firmware/STM32F10x_StdPeriph_Lib_V3.3.0/Libraries/CMSIS/CM3/DeviceSupport/ST/STM32F10x/system_stm32f10x.c ****         prediv1source = RCC->CFGR2 & RCC_CFGR2_PREDIV1SRC;
 308:firmware/STM32F10x_StdPeriph_Lib_V3.3.0/Libraries/CMSIS/CM3/DeviceSupport/ST/STM32F10x/system_stm32f10x.c ****         prediv1factor = (RCC->CFGR2 & RCC_CFGR2_PREDIV1) + 1;
 309:firmware/STM32F10x_StdPeriph_Lib_V3.3.0/Libraries/CMSIS/CM3/DeviceSupport/ST/STM32F10x/system_stm32f10x.c ****         
 310:firmware/STM32F10x_StdPeriph_Lib_V3.3.0/Libraries/CMSIS/CM3/DeviceSupport/ST/STM32F10x/system_stm32f10x.c ****         if (prediv1source == 0)
 311:firmware/STM32F10x_StdPeriph_Lib_V3.3.0/Libraries/CMSIS/CM3/DeviceSupport/ST/STM32F10x/system_stm32f10x.c ****         { 
 312:firmware/STM32F10x_StdPeriph_Lib_V3.3.0/Libraries/CMSIS/CM3/DeviceSupport/ST/STM32F10x/system_stm32f10x.c ****           /* HSE oscillator clock selected as PREDIV1 clock entry */
 313:firmware/STM32F10x_StdPeriph_Lib_V3.3.0/Libraries/CMSIS/CM3/DeviceSupport/ST/STM32F10x/system_stm32f10x.c ****           SystemCoreClock = (HSE_Value / prediv1factor) * pllmull;          
 314:firmware/STM32F10x_StdPeriph_Lib_V3.3.0/Libraries/CMSIS/CM3/DeviceSupport/ST/STM32F10x/system_stm32f10x.c ****         }
 315:firmware/STM32F10x_StdPeriph_Lib_V3.3.0/Libraries/CMSIS/CM3/DeviceSupport/ST/STM32F10x/system_stm32f10x.c ****         else
 316:firmware/STM32F10x_StdPeriph_Lib_V3.3.0/Libraries/CMSIS/CM3/DeviceSupport/ST/STM32F10x/system_stm32f10x.c ****         {/* PLL2 clock selected as PREDIV1 clock entry */
 317:firmware/STM32F10x_StdPeriph_Lib_V3.3.0/Libraries/CMSIS/CM3/DeviceSupport/ST/STM32F10x/system_stm32f10x.c ****           
 318:firmware/STM32F10x_StdPeriph_Lib_V3.3.0/Libraries/CMSIS/CM3/DeviceSupport/ST/STM32F10x/system_stm32f10x.c ****           /* Get PREDIV2 division factor and PLL2 multiplication factor */
 319:firmware/STM32F10x_StdPeriph_Lib_V3.3.0/Libraries/CMSIS/CM3/DeviceSupport/ST/STM32F10x/system_stm32f10x.c ****           prediv2factor = ((RCC->CFGR2 & RCC_CFGR2_PREDIV2) >> 4) + 1;
 320:firmware/STM32F10x_StdPeriph_Lib_V3.3.0/Libraries/CMSIS/CM3/DeviceSupport/ST/STM32F10x/system_stm32f10x.c ****           pll2mull = ((RCC->CFGR2 & RCC_CFGR2_PLL2MUL) >> 8 ) + 2; 
 321:firmware/STM32F10x_StdPeriph_Lib_V3.3.0/Libraries/CMSIS/CM3/DeviceSupport/ST/STM32F10x/system_stm32f10x.c ****           SystemCoreClock = (((HSE_Value / prediv2factor) * pll2mull) / prediv1factor) * pllmull;  
 322:firmware/STM32F10x_StdPeriph_Lib_V3.3.0/Libraries/CMSIS/CM3/DeviceSupport/ST/STM32F10x/system_stm32f10x.c ****         }
 323:firmware/STM32F10x_StdPeriph_Lib_V3.3.0/Libraries/CMSIS/CM3/DeviceSupport/ST/STM32F10x/system_stm32f10x.c ****       }
 324:firmware/STM32F10x_StdPeriph_Lib_V3.3.0/Libraries/CMSIS/CM3/DeviceSupport/ST/STM32F10x/system_stm32f10x.c **** #endif /* STM32F10X_CL */ 
 325:firmware/STM32F10x_StdPeriph_Lib_V3.3.0/Libraries/CMSIS/CM3/DeviceSupport/ST/STM32F10x/system_stm32f10x.c ****       break;
 326:firmware/STM32F10x_StdPeriph_Lib_V3.3.0/Libraries/CMSIS/CM3/DeviceSupport/ST/STM32F10x/system_stm32f10x.c **** 
 327:firmware/STM32F10x_StdPeriph_Lib_V3.3.0/Libraries/CMSIS/CM3/DeviceSupport/ST/STM32F10x/system_stm32f10x.c ****     default:
 328:firmware/STM32F10x_StdPeriph_Lib_V3.3.0/Libraries/CMSIS/CM3/DeviceSupport/ST/STM32F10x/system_stm32f10x.c ****       SystemCoreClock = HSI_Value;
 329:firmware/STM32F10x_StdPeriph_Lib_V3.3.0/Libraries/CMSIS/CM3/DeviceSupport/ST/STM32F10x/system_stm32f10x.c ****       break;
 330:firmware/STM32F10x_StdPeriph_Lib_V3.3.0/Libraries/CMSIS/CM3/DeviceSupport/ST/STM32F10x/system_stm32f10x.c ****   }
 331:firmware/STM32F10x_StdPeriph_Lib_V3.3.0/Libraries/CMSIS/CM3/DeviceSupport/ST/STM32F10x/system_stm32f10x.c ****   
 332:firmware/STM32F10x_StdPeriph_Lib_V3.3.0/Libraries/CMSIS/CM3/DeviceSupport/ST/STM32F10x/system_stm32f10x.c ****   /* Compute HCLK clock frequency ----------------*/
 333:firmware/STM32F10x_StdPeriph_Lib_V3.3.0/Libraries/CMSIS/CM3/DeviceSupport/ST/STM32F10x/system_stm32f10x.c ****   /* Get HCLK prescaler */
 334:firmware/STM32F10x_StdPeriph_Lib_V3.3.0/Libraries/CMSIS/CM3/DeviceSupport/ST/STM32F10x/system_stm32f10x.c ****   tmp = AHBPrescTable[((RCC->CFGR & RCC_CFGR_HPRE) >> 4)];
 141              		.loc 1 334 0
 142 003c 054A     		ldr	r2, .L14
 143 003e 0949     		ldr	r1, .L14+16
 144 0040 5268     		ldr	r2, [r2, #4]
 145 0042 02F0F002 		and	r2, r2, #240
 146 0046 1209     		lsrs	r2, r2, #4
 147 0048 8A5C     		ldrb	r2, [r1, r2]	@ zero_extendqisi2
 335:firmware/STM32F10x_StdPeriph_Lib_V3.3.0/Libraries/CMSIS/CM3/DeviceSupport/ST/STM32F10x/system_stm32f10x.c ****   /* HCLK clock frequency */
 336:firmware/STM32F10x_StdPeriph_Lib_V3.3.0/Libraries/CMSIS/CM3/DeviceSupport/ST/STM32F10x/system_stm32f10x.c ****   SystemCoreClock >>= tmp;  
 148              		.loc 1 336 0
 149 004a 1968     		ldr	r1, [r3, #0]
 150 004c 31FA02F2 		lsrs	r2, r1, r2
 151 0050 1A60     		str	r2, [r3, #0]
 337:firmware/STM32F10x_StdPeriph_Lib_V3.3.0/Libraries/CMSIS/CM3/DeviceSupport/ST/STM32F10x/system_stm32f10x.c **** }
 152              		.loc 1 337 0
 153 0052 7047     		bx	lr
 154              	.L15:
 155              		.align	2
 156              	.L14:
 157 0054 00100240 		.word	1073876992
 158 0058 00000000 		.word	.LANCHOR0
 159 005c 00127A00 		.word	8000000
 160 0060 00093D00 		.word	4000000
 161 0064 00000000 		.word	.LANCHOR1
 162              		.cfi_endproc
 163              	.LFE30:
 165              		.global	SystemCoreClock
 166              		.global	AHBPrescTable
 167              		.section	.data.AHBPrescTable,"aw",%progbits
 168              		.set	.LANCHOR1,. + 0
 171              	AHBPrescTable:
 172 0000 00       		.byte	0
 173 0001 00       		.byte	0
 174 0002 00       		.byte	0
 175 0003 00       		.byte	0
 176 0004 00       		.byte	0
 177 0005 00       		.byte	0
 178 0006 00       		.byte	0
 179 0007 00       		.byte	0
 180 0008 01       		.byte	1
 181 0009 02       		.byte	2
 182 000a 03       		.byte	3
 183 000b 04       		.byte	4
 184 000c 06       		.byte	6
 185 000d 07       		.byte	7
 186 000e 08       		.byte	8
 187 000f 09       		.byte	9
 188              		.section	.data.SystemCoreClock,"aw",%progbits
 189              		.align	2
 190              		.set	.LANCHOR0,. + 0
 193              	SystemCoreClock:
 194 0000 00127A00 		.word	8000000
 195              		.text
 196              	.Letext0:
DEFINED SYMBOLS
                            *ABS*:00000000 system_stm32f10x.c
C:\Users\MICHAE~1\AppData\Local\Temp\ccmwhQCo.s:24     .text.SystemInit:00000000 $t
C:\Users\MICHAE~1\AppData\Local\Temp\ccmwhQCo.s:29     .text.SystemInit:00000000 SystemInit
C:\Users\MICHAE~1\AppData\Local\Temp\ccmwhQCo.s:68     .text.SystemInit:00000038 $d
C:\Users\MICHAE~1\AppData\Local\Temp\ccmwhQCo.s:74     .text.SystemCoreClockUpdate:00000000 $t
C:\Users\MICHAE~1\AppData\Local\Temp\ccmwhQCo.s:79     .text.SystemCoreClockUpdate:00000000 SystemCoreClockUpdate
C:\Users\MICHAE~1\AppData\Local\Temp\ccmwhQCo.s:157    .text.SystemCoreClockUpdate:00000054 $d
C:\Users\MICHAE~1\AppData\Local\Temp\ccmwhQCo.s:193    .data.SystemCoreClock:00000000 SystemCoreClock
C:\Users\MICHAE~1\AppData\Local\Temp\ccmwhQCo.s:171    .data.AHBPrescTable:00000000 AHBPrescTable
C:\Users\MICHAE~1\AppData\Local\Temp\ccmwhQCo.s:189    .data.SystemCoreClock:00000000 $d
                     .debug_frame:00000010 $d

NO UNDEFINED SYMBOLS
